
ROM used: 8030 (25%)
          8030 (25%) including unused fragments

          1 Average locations per line
          6 Average locations per statement

RAM used: 751 (37%) at main() level
          795 (39%) worst case

Stack used: 17 worst case (out of 31 total available)

Lines Stmts  %   Files
----- ----- ---  -----
  725   247  18  main.c
  409     0   0  ..\..\..\..\..\..\..\..\Program Files (x86)\PICC\devices\18F2550.h
  604   126   9  ..\..\..\..\..\..\..\..\Program Files (x86)\PICC\drivers\usb_cdc.h
  222     0   0  ..\..\..\..\..\..\..\..\Program Files (x86)\PICC\drivers\pic18_usb.h
  328     0   0  ..\..\..\..\..\..\..\..\Program Files (x86)\PICC\drivers\usb_hw_layer.h
  279     0   0  ..\..\..\..\..\..\..\..\Program Files (x86)\PICC\drivers\usb_desc_cdc.h
 1087     0   0  ..\..\..\..\..\..\..\..\Program Files (x86)\PICC\drivers\usb.h
  818   237  17  ..\..\..\..\..\..\..\..\Program Files (x86)\PICC\drivers\usb.c
 1373   320  23  ..\..\..\..\..\..\..\..\Program Files (x86)\PICC\drivers\pic18_usb.c
   28     0   0  ..\..\..\..\..\..\..\..\Program Files (x86)\PICC\drivers\ctype.h
 1273   359  25  ..\..\..\..\..\..\..\..\Program Files (x86)\PICC\drivers\stdlib.h
   32     0   0  ..\..\..\..\..\..\..\..\Program Files (x86)\PICC\drivers\stddef.h
  409   121   9  ..\..\..\..\..\..\..\..\Program Files (x86)\PICC\drivers\string.h
----- -----
 7587  1410 Total

Page ROM  %  RAM   Vol Diff  Functions:
---- --- --- ---   --- ----  ----------
0     42   0   1             @delay_ms1
0     32   0   0             @const179
0     32   0   0             @const181
0     48   0   0             @const183
0     48   0   0             @const185
0     84   1   0             @const187
0     18   0   0             @const189
0     24   0   0             @const191
0     34   0   0             @const195
0     52   0   0             @const198
0     34   0   5             @MUL1616
0     86   1   3   139  4.3  usb_tbe
0     40   0   1   134  2.5  usb_detach
0     34   0   0   136  2.2  usb_attach
0      6   0   0    16  1.0  usb_init_cs
0     34   0   1   362  5.0  usb_task
0     14   0   0    61  2.5  usb_init
0    290   2   7  1092  5.4  usb_flush_in
0    164   1  10   344  6.1  usb_put_packet
0    252   2   7   914  5.0  usb_flush_out
0     68   0   3    66  2.7  usb_rx_packet_size
0    102   1   4   258  4.6  usb_stall_ep
0    100   1   4   266  4.6  usb_unstall_ep
0    118   1   5   373  6.0  usb_endpoint_stalled
0     26   0   1    94  2.7  usb_set_address
0    486   3  10  1774 10.4  usb_set_configured
0    112   1   3   199  3.2  usb_disable_endpoint
0     30   0   1    99  3.0  usb_disable_endpoints
0      4   0   0    48  2.9  usb_clear_trn
0    136   1   2   656  6.7  usb_isr
0      6   0   0    43  2.0  usb_isr_sof
0     42   0   0   357  4.2  usb_isr_rst
0     32   0   0   508  4.0  usb_init_ep0_setup
0      8   0   0    74  2.8  usb_isr_uerr
0     10   0   0    82  2.8  usb_isr_uidle
0     16   0   0   102  3.3  usb_isr_activity
0     14   0   0   151  3.9  usb_isr_stall
0      6   0   1    30  1.7  usb_request_send_response
0      6   0   0    22  1.2  usb_request_get_data
0      6   0   0    22  1.2  usb_request_stall
0    458   3   5  2041  7.9  usb_isr_tok_dne
0      8   0   0    29  1.9  usb_enumerated
0     44   0   3   248  4.0  usb_token_reset
0     80   0   3   274  5.9  usb_endpoint_is_valid
0     50   0   1   212  3.1  usb_isr_tok_in_dne
0     30   0   1   115  2.5  usb_isr_tok_out_dne
0     52   0   0   336  5.5  usb_isr_tok_setup_dne
0    184   1   0  1454  8.3  usb_isr_tkn_setup_StandardDevice
0    160   1   3   939  7.7  usb_isr_tkn_setup_StandardInterface
0    106   1   0   753  5.8  usb_isr_tkn_setup_StandardEndpoint
0    146   1   0  1088  8.7  usb_Get_Descriptor
0     14   0   0    76  1.8  usb_finish_set_address
0    118   1   4   591  8.6  usb_copy_desc_seg_to_ep
0    100   1   0   401  6.1  usb_isr_tok_out_cdc_control_dne
0    176   1   0  1121  8.3  usb_isr_tkn_cdc
0     28   0   0   174  3.6  usb_isr_tok_out_cdc_data_dne
0     10   0   0    30  1.5  usb_isr_tok_in_cdc_data_dne
0     34   0   0    86  2.1  usb_cdc_flush_out_buffer
0     34   0   0   255  2.3  usb_cdc_init
0     16   0   0    59  2.3  usb_cdc_get_discard
0     60   0   2   216  5.7  usb_cdc_getc
0     56   0   4   220  4.5  _usb_cdc_putc_fast_noflush
0     52   0   1    63  1.6  usb_cdc_putc_fast
0     58   0   1   115  3.3  usb_cdc_putc
0    272   2   0             @const704
0    272   2   0             @const706
0    670   4  10  3171 10.5  KeyExpansion
0    126   1   7   298  5.6  AddRoundKey
0    126   1   6   233  4.1  SubBytes
0     66   0   1  1080  2.4  ShiftRows
0    424   3   7  1483  7.0  MixColumns
0    278   2   7  1004  6.8  Cipher
0    158   1   2   983  4.9  convertdigit
0     72   0   0             @goto12719
0     44   0   3   127  3.9  setkey
0    512   3  88  1874  9.5  MAIN
0     70   0   2             @PRINTF_X_68

Program metrics:
    Functions               62
    Statements              1410
    Comments                4856
    Volume (V)              55368
    Difficilty (D)          283.9
    Effort to implement (E) 15720872
    Time to implement (T)   242 hours, 36 minutes
    Est Delivered Bugs (B)  21
    Cyclomatic Complexity   162
    Maintainability (MI)    130

 Segment     Used  Free
-----------  ----  ----
00000-00002     4  0  
00004-00006     4  0  
00008-000AC   166  0  
000AE-07FFE  7856  24738  



