
ROM used: 3064 (9%)
          3064 (9%) including unused fragments

          1 Average locations per line
          4 Average locations per statement

RAM used: 338 (17%) at main() level
          345 (17%) worst case

Stack used: 3 worst case (out of 31 total available)

Lines Stmts  %   Files
----- ----- ---  -----
  703   240  33  main.c
  409     0   0  ..\..\..\..\..\..\..\..\Program Files (x86)\PICC\devices\18F2550.h
 1273   359  50  ..\..\..\..\..\..\..\..\Program Files (x86)\PICC\drivers\stdlib.h
   32     0   0  ..\..\..\..\..\..\..\..\Program Files (x86)\PICC\drivers\stddef.h
  409   121  17  ..\..\..\..\..\..\..\..\Program Files (x86)\PICC\drivers\string.h
   28     0   0  ..\..\..\..\..\..\..\..\Program Files (x86)\PICC\drivers\ctype.h
----- -----
 2854   720 Total

Page ROM  %  RAM   Vol Diff  Functions:
---- --- --- ---   --- ----  ----------
0     42   1   1             @delay_ms1
0    272   4   0             @const351
0    272   4   0             @const353
0    660  11  10  3171 10.5  KeyExpansion
0    126   2   7   298  5.6  AddRoundKey
0    124   2   6   233  4.1  SubBytes
0     66   1   1  1080  2.4  ShiftRows
0    424   7   7  1483  7.0  MixColumns
0    278   5   7  1004  6.8  Cipher
0    158   3   2   983  4.9  convertdigit
0     72   1   0             @goto11514
0     44   1   3   127  3.9  setkey
0    452   7  88  1630  8.5  MAIN
0     70   1   2             @PRINTF_X_9600_31766_31767

Program metrics:
    Functions               9
    Statements              720
    Comments                1202
    Volume (V)              14246
    Difficilty (D)          54.1
    Effort to implement (E) 770603
    Time to implement (T)   11 hours, 54 minutes
    Est Delivered Bugs (B)  3
    Cyclomatic Complexity   39
    Maintainability (MI)    20

 Segment     Used  Free
-----------  ----  ----
00000-00002     4  0  
00004-07FFE  3060  29704  



